빌드 시작: 2015-08-01 오후 6:00:55
     1>2 노드의 "C:\Users\민아름\Desktop\2015_summer_c\HelloWorld\HelloWorld.vcxproj" 프로젝트(build 대상)입니다.
     1>InitializeBuildStatus:
         "AlwaysCreate"이(가) 지정되었기 때문에 "Debug\HelloWorld.unsuccessfulbuild"을(를) 만들고 있습니다.
       ClCompile:
         c:\Program Files (x86)\Microsoft Visual Studio 10.0\VC\bin\CL.exe /c /ZI /nologo /W3 /WX- /Od /Oy- /D WIN32 /D _WINDOWS /D _DEBUG /D _UNICODE /D UNICODE /D _AFXDLL /Gm /EHsc /RTC1 /MDd /GS /fp:precise /Zc:wchar_t /Zc:forScope /Yc"StdAfx.h" /Fp"Debug\HelloWorld.pch" /Fo"Debug\\" /Fd"Debug\vc100.pdb" /Gd /TP /analyze- /errorReport:prompt stdafx.cpp
         stdafx.cpp
         c:\Program Files (x86)\Microsoft Visual Studio 10.0\VC\bin\CL.exe /c /ZI /nologo /W3 /WX- /Od /Oy- /D WIN32 /D _WINDOWS /D _DEBUG /D _UNICODE /D UNICODE /D _AFXDLL /Gm /EHsc /RTC1 /MDd /GS /fp:precise /Zc:wchar_t /Zc:forScope /Yu"StdAfx.h" /Fp"Debug\HelloWorld.pch" /Fo"Debug\\" /Fd"Debug\vc100.pdb" /Gd /TP /analyze- /errorReport:prompt ChildView.cpp HelloWorld.cpp MainFrm.cpp
         MainFrm.cpp
         HelloWorld.cpp
         ChildView.cpp
         코드를 생성하고 있습니다...
       ResourceCompile:
         c:\Program Files (x86)\Microsoft SDKs\Windows\v7.0A\bin\rc.exe /D _DEBUG /D _UNICODE /D UNICODE /D _AFXDLL /l"0x0409" /IDebug\ /nologo /fo"Debug\HelloWorld.res" HelloWorld.rc 
       Link:
         c:\Program Files (x86)\Microsoft Visual Studio 10.0\VC\bin\link.exe /ERRORREPORT:PROMPT /OUT:"C:\Users\민아름\Desktop\2015_summer_c\HelloWorld\Debug\HelloWorld.exe" /INCREMENTAL:NO /NOLOGO /MANIFEST /ManifestFile:"Debug\HelloWorld.exe.intermediate.manifest" /MANIFESTUAC:"level='asInvoker' uiAccess='false'" /DEBUG /PDB:"C:\Users\민아름\Desktop\2015_summer_c\HelloWorld\Debug\HelloWorld.pdb" /SUBSYSTEM:WINDOWS /TLBID:1 /ENTRY:"wWinMainCRTStartup" /DYNAMICBASE /NXCOMPAT /IMPLIB:"C:\Users\민아름\Desktop\2015_summer_c\HelloWorld\Debug\HelloWorld.lib" /MACHINE:X86 /SAFESEH:NO Debug\HelloWorld.res
         Debug\ChildView.obj
         Debug\HelloWorld.obj
         Debug\MainFrm.obj
         Debug\stdafx.obj
     1>ChildView.obj : warning LNK4075: '/EDITANDCONTINUE'이(가) '/INCREMENTAL:NO' 사양으로 인해 무시됩니다.
         HelloWorld.vcxproj -> C:\Users\민아름\Desktop\2015_summer_c\HelloWorld\Debug\HelloWorld.exe
       Manifest:
         c:\Program Files (x86)\Microsoft SDKs\Windows\v7.0A\bin\mt.exe /nologo /verbose /out:"C:\Users\민아름\Desktop\2015_summer_c\HelloWorld\Debug\HelloWorld.exe.manifest" /manifest Debug\HelloWorld.exe.intermediate.manifest "c:\Program Files (x86)\Microsoft Visual Studio 10.0\VC\Include\Manifest\dpiaware.manifest"
       FinalizeBuildStatus:
         "Debug\HelloWorld.unsuccessfulbuild" 파일을 삭제하고 있습니다.
         "Debug\HelloWorld.lastbuildstate"에 연결(touching)하고 있습니다.
     1>"C:\Users\민아름\Desktop\2015_summer_c\HelloWorld\HelloWorld.vcxproj" 프로젝트를 빌드했습니다(build 대상).

빌드했습니다.

경과 시간: 00:00:07.68
