빌드 시작: 2015-10-08 오전 10:15:10
     1>2 노드의 "c:\Users\Areum\documents\visual studio 2010\Projects\uiPractice\uiPractice\uiPractice.vcxproj" 프로젝트(build 대상)입니다.
     1>InitializeBuildStatus:
         "Debug\uiPractice.unsuccessfulbuild"에 연결(touching)하고 있습니다.
       ClCompile:
         모든 출력이 최신 상태입니다.
         C:\Program Files (x86)\Microsoft Visual Studio 10.0\VC\bin\CL.exe /c /ZI /nologo /W3 /WX- /Od /Oy- /D WIN32 /D _WINDOWS /D _DEBUG /D _UNICODE /D UNICODE /D _AFXDLL /Gm /EHsc /RTC1 /MDd /GS /fp:precise /Zc:wchar_t /Zc:forScope /Yu"StdAfx.h" /Fp"Debug\uiPractice.pch" /Fo"Debug\\" /Fd"Debug\vc100.pdb" /Gd /TP /analyze- /errorReport:prompt ToolWnd.cpp
         ToolWnd.cpp
       ResourceCompile:
         모든 출력이 최신 상태입니다.
       ManifestResourceCompile:
         모든 출력이 최신 상태입니다.
       Link:
         C:\Program Files (x86)\Microsoft Visual Studio 10.0\VC\bin\link.exe /ERRORREPORT:PROMPT /OUT:"c:\users\areum\documents\visual studio 2010\Projects\uiPractice\Debug\uiPractice.exe" /INCREMENTAL /NOLOGO /MANIFEST /ManifestFile:"Debug\uiPractice.exe.intermediate.manifest" /MANIFESTUAC:"level='asInvoker' uiAccess='false'" /DEBUG /PDB:"c:\users\areum\documents\visual studio 2010\Projects\uiPractice\Debug\uiPractice.pdb" /SUBSYSTEM:WINDOWS /TLBID:1 /ENTRY:"wWinMainCRTStartup" /DYNAMICBASE /NXCOMPAT /IMPLIB:"c:\users\areum\documents\visual studio 2010\Projects\uiPractice\Debug\uiPractice.lib" /MACHINE:X86 Debug\uiPractice.res
         Debug\uiPractice.exe.embed.manifest.res
         Debug\MainFrm.obj
         Debug\stdafx.obj
         Debug\ToolWnd.obj
         Debug\uiPractice.obj
         Debug\ViewWnd.obj
       Manifest:
         c:\Program Files (x86)\Microsoft SDKs\Windows\v7.0A\bin\mt.exe /nologo /verbose /out:"Debug\uiPractice.exe.embed.manifest" /manifest Debug\uiPractice.exe.intermediate.manifest "C:\Program Files (x86)\Microsoft Visual Studio 10.0\VC\Include\Manifest\dpiaware.manifest"
         모든 출력이 최신 상태입니다.
       LinkEmbedManifest:
         모든 출력이 최신 상태입니다.
         uiPractice.vcxproj -> c:\users\areum\documents\visual studio 2010\Projects\uiPractice\Debug\uiPractice.exe
       FinalizeBuildStatus:
         "Debug\uiPractice.unsuccessfulbuild" 파일을 삭제하고 있습니다.
         "Debug\uiPractice.lastbuildstate"에 연결(touching)하고 있습니다.
     1>"c:\Users\Areum\documents\visual studio 2010\Projects\uiPractice\uiPractice\uiPractice.vcxproj" 프로젝트를 빌드했습니다(build 대상).

빌드했습니다.

경과 시간: 00:00:00.75
