빌드 시작: 2015-09-24 오후 1:43:15
     1>2 노드의 "D:\churros_areum\2015_summer_c3\HyukOh\HyukOh\HyukOh.vcxproj" 프로젝트(build 대상)입니다.
     1>InitializeBuildStatus:
         "Debug\HyukOh.unsuccessfulbuild"에 연결(touching)하고 있습니다.
       ClCompile:
         모든 출력이 최신 상태입니다.
         C:\Program Files (x86)\Microsoft Visual Studio 10.0\VC\bin\CL.exe /c /ZI /nologo /W3 /WX- /Od /Oy- /D WIN32 /D _WINDOWS /D _DEBUG /D _UNICODE /D UNICODE /D _AFXDLL /Gm /EHsc /RTC1 /MDd /GS /fp:precise /Zc:wchar_t /Zc:forScope /Yu"StdAfx.h" /Fp"Debug\HyukOh.pch" /Fo"Debug\\" /Fd"Debug\vc100.pdb" /Gd /TP /analyze- /errorReport:prompt ChildView.cpp
         ChildView.cpp
     1>d:\churros_areum\2015_summer_c3\hyukoh\hyukoh\childview.cpp(197): warning C4244: '초기화 중' : 'double'에서 'int'(으)로 변환하면서 데이터가 손실될 수 있습니다.
     1>d:\churros_areum\2015_summer_c3\hyukoh\hyukoh\childview.cpp(198): warning C4244: '초기화 중' : 'double'에서 'int'(으)로 변환하면서 데이터가 손실될 수 있습니다.
     1>d:\churros_areum\2015_summer_c3\hyukoh\hyukoh\childview.cpp(209): warning C4244: '=' : 'double'에서 'unsigned char'(으)로 변환하면서 데이터가 손실될 수 있습니다.
     1>d:\churros_areum\2015_summer_c3\hyukoh\hyukoh\childview.cpp(376): warning C4996: 'ippiRotate_16u_C1R': is deprecated. This function is obsolete and will be removed in one of the future IPP releases. Use the following link for details: https://software.intel.com/sites/products/ipp-deprecated-features-feedback/
                 c:\program files (x86)\intel\composer xe 2015\ipp\include\ippi.h(6577) : 'ippiRotate_16u_C1R' 선언을 참조하십시오.
     1>d:\churros_areum\2015_summer_c3\hyukoh\hyukoh\childview.cpp(374): warning C4101: 'interpolation' :참조되지 않은 지역 변수입니다.
     1>d:\churros_areum\2015_summer_c3\hyukoh\hyukoh\childview.cpp(400): warning C4996: 'ippiFilterBox_16s_C1R': is deprecated. Removal 2H 2014 or later. Replace with ippiFilterBoxBorder_16s_C1R. For more details: https://software.intel.com/sites/products/ipp-deprecated-features-feedback/
                 c:\program files (x86)\intel\composer xe 2015\ipp\include\ippi.h(10292) : 'ippiFilterBox_16s_C1R' 선언을 참조하십시오.
     1>d:\churros_areum\2015_summer_c3\hyukoh\hyukoh\childview.cpp(419): warning C4996: 'ippiFilterSharpen_16s_C1R': is deprecated. This function is obsolete and will be substituted with new API in the next IPP release. Use the following link for details: https://software.intel.com/sites/products/ipp-deprecated-features-feedback/
                 c:\program files (x86)\intel\composer xe 2015\ipp\include\ippi.h(10791) : 'ippiFilterSharpen_16s_C1R' 선언을 참조하십시오.
     1>d:\churros_areum\2015_summer_c3\hyukoh\hyukoh\childview.cpp(376): warning C4700: 초기화되지 않은 'dstROI' 지역 변수를 사용했습니다.
     1>d:\churros_areum\2015_summer_c3\hyukoh\hyukoh\childview.cpp(376): warning C4700: 초기화되지 않은 'srcROI' 지역 변수를 사용했습니다.
     1>d:\churros_areum\2015_summer_c3\hyukoh\hyukoh\childview.cpp(376): warning C4700: 초기화되지 않은 'srcSize' 지역 변수를 사용했습니다.
       ResourceCompile:
         모든 출력이 최신 상태입니다.
       ManifestResourceCompile:
         모든 출력이 최신 상태입니다.
       Link:
         C:\Program Files (x86)\Microsoft Visual Studio 10.0\VC\bin\link.exe /ERRORREPORT:PROMPT /OUT:"D:\churros_areum\2015_summer_c3\HyukOh\Debug\HyukOh.exe" /INCREMENTAL /NOLOGO ippi.lib /NODEFAULTLIB:LIBCMT.lib /MANIFEST /ManifestFile:"Debug\HyukOh.exe.intermediate.manifest" /MANIFESTUAC:"level='asInvoker' uiAccess='false'" /DEBUG /PDB:"D:\churros_areum\2015_summer_c3\HyukOh\Debug\HyukOh.pdb" /SUBSYSTEM:WINDOWS /TLBID:1 /ENTRY:"wWinMainCRTStartup" /DYNAMICBASE /NXCOMPAT /IMPLIB:"D:\churros_areum\2015_summer_c3\HyukOh\Debug\HyukOh.lib" /MACHINE:X86 Debug\HyukOh.res
         Debug\HyukOh.exe.embed.manifest.res
         Debug\ChildView.obj
         Debug\HyukOh.obj
         Debug\KDicomDS.obj
         Debug\KDicomDSDecode.obj
         Debug\KDicomDSEncode.obj
         Debug\KDicomDSJPEG12.obj
         Debug\KDicomDSJPEG16.obj
         Debug\KDicomDSJPEG8.obj
         Debug\KDicomElement.obj
         Debug\KDicomQuery.obj
         Debug\mlConv.obj
         Debug\MainFrm.obj
         Debug\stdafx.obj
         KDicomD\dcmtk\lib\ijg12_vc9.lib
         KDicomD\dcmtk\lib\ijg16_vc9.lib
         KDicomD\dcmtk\lib\ijg8_vc9.lib
       Manifest:
         c:\Program Files (x86)\Microsoft SDKs\Windows\v7.0A\bin\mt.exe /nologo /verbose /out:"Debug\HyukOh.exe.embed.manifest" /manifest Debug\HyukOh.exe.intermediate.manifest "C:\Program Files (x86)\Microsoft Visual Studio 10.0\VC\Include\Manifest\dpiaware.manifest"
         모든 출력이 최신 상태입니다.
       LinkEmbedManifest:
         모든 출력이 최신 상태입니다.
         HyukOh.vcxproj -> D:\churros_areum\2015_summer_c3\HyukOh\Debug\HyukOh.exe
       FinalizeBuildStatus:
         "Debug\HyukOh.unsuccessfulbuild" 파일을 삭제하고 있습니다.
         "Debug\HyukOh.lastbuildstate"에 연결(touching)하고 있습니다.
     1>"D:\churros_areum\2015_summer_c3\HyukOh\HyukOh\HyukOh.vcxproj" 프로젝트를 빌드했습니다(build 대상).

빌드했습니다.

경과 시간: 00:00:00.89
